Using pre-set license

 COMMAND LINE ARGUMENTS:
/Applications/2021.1.3f1/Unity.app/Contents/MacOS/Unity
-adb2
-batchMode
-noUpm
-name
AssetImportWorker3
-projectPath
/Volumes/SOPHIA/UnityProject/Chess
-logFile
Logs/AssetImportWorker3.log
-srvPort
50156
Successfully changed project path to: /Volumes/SOPHIA/UnityProject/Chess
/Volumes/SOPHIA/UnityProject/Chess
Using Asset Import Pipeline V2.
Refreshing native plugins compatible for Editor in 94.11 ms, found 1 plugins.
Preloading 0 native plugins for Editor in 0.00 ms.
Initialize engine version: 2021.1.3f1 (4bef613afd59)
[Subsystems] Discovering subsystems at path /Applications/2021.1.3f1/Unity.app/Contents/Resources/UnitySubsystems
[Subsystems] Discovering subsystems at path /Volumes/SOPHIA/UnityProject/Chess/Assets
GfxDevice: creating device client; threaded=0; jobified=0
Renderer: AMD Radeon Pro 555X OpenGL Engine
Vendor:   ATI Technologies Inc.
Version:  4.1 ATI-4.6.20
GLES:     0
 GL_ARB_blend_func_extended GL_ARB_draw_buffers_blend GL_ARB_draw_indirect GL_ARB_ES2_compatibility GL_ARB_explicit_attrib_location GL_ARB_gpu_shader_fp64 GL_ARB_gpu_shader5 GL_ARB_instanced_arrays GL_ARB_internalformat_query GL_ARB_occlusion_query2 GL_ARB_sample_shading GL_ARB_sampler_objects GL_ARB_separate_shader_objects GL_ARB_shader_bit_encoding GL_ARB_shader_subroutine GL_ARB_shading_language_include GL_ARB_tessellation_shader GL_ARB_texture_buffer_object_rgb32 GL_ARB_texture_cube_map_array GL_ARB_texture_gather GL_ARB_texture_query_lod GL_ARB_texture_rgb10_a2ui GL_ARB_texture_storage GL_ARB_texture_swizzle GL_ARB_timer_query GL_ARB_transform_feedback2 GL_ARB_transform_feedback3 GL_ARB_vertex_attrib_64bit GL_ARB_vertex_type_2_10_10_10_rev GL_ARB_viewport_array GL_EXT_debug_label GL_EXT_debug_marker GL_EXT_depth_bounds_test GL_EXT_texture_compression_s3tc GL_EXT_texture_filter_anisotropic GL_EXT_texture_mirror_clamp GL_EXT_texture_sRGB_decode GL_APPLE_client_storage GL_APPLE_container_object_shareable G
L_APPLE_flush_render GL_APPLE_object_purgeable GL_APPLE_rgb_422 GL_APPLE_row_bytes GL_APPLE_texture_range GL_ATI_texture_mirror_once GL_NV_texture_barrier
OPENGL LOG: Creating OpenGL 4.1 graphics device ; Context level  <OpenGL 4.1> ; Context handle -830309888
Initialize mono
Mono path[0] = '/Applications/2021.1.3f1/Unity.app/Contents/Managed'
Mono path[1] = '/Applications/2021.1.3f1/Unity.app/Contents/MonoBleedingEdge/lib/mono/unityjit'
Mono config path = '/Applications/2021.1.3f1/Unity.app/Contents/MonoBleedingEdge/etc'
Using monoOptions --debugger-agent=transport=dt_socket,embedding=1,server=y,suspend=n,address=127.0.0.1:56388
Begin MonoManager ReloadAssembly
Registering precompiled unity dll's ...
Register platform support module: /Applications/2021.1.3f1/Unity.app/Contents/PlaybackEngines/MacStandaloneSupport/UnityEditor.OSXStandalone.Extensions.dll
Register platform support module: /Applications/2021.1.3f1/PlaybackEngines/WindowsStandaloneSupport/UnityEditor.WindowsStandalone.Extensions.dll
Registered in 0.000635 seconds.
Native extension for WindowsStandalone target not found
Native extension for OSXStandalone target not found
Refreshing native plugins compatible for Editor in 72.74 ms, found 1 plugins.
Preloading 0 native plugins for Editor in 0.00 ms.
Mono: successfully reloaded assembly
- Completed reload, in  3.092 seconds
Platform modules already initialized, skipping
Registering precompiled user dll's ...
Registered in 0.001928 seconds.
Begin MonoManager ReloadAssembly
Native extension for WindowsStandalone target not found
Native extension for OSXStandalone target not found
Refreshing native plugins compatible for Editor in 0.74 ms, found 1 plugins.
Preloading 0 native plugins for Editor in 0.00 ms.
Mono: successfully reloaded assembly
- Completed reload, in  1.548 seconds
Platform modules already initialized, skipping
========================================================================
Worker process is ready to serve import requests
Launching external process: /Applications/2021.1.3f1/Unity.app/Contents/Tools/UnityShaderCompiler
Launched and connected shader compiler UnityShaderCompiler after 0.02 seconds
Refreshing native plugins compatible for Editor in 0.47 ms, found 1 plugins.
Preloading 0 native plugins for Editor in 0.00 ms.
Unloading 2697 Unused Serialized files (Serialized files now loaded: 0)
System memory in use before: 177.6 MB.
System memory in use after: 177.8 MB.

Unloading 14 unused Assets to reduce memory usage. Loaded Objects now: 3152.
Total: 2.338579 ms (FindLiveObjects: 0.235618 ms CreateObjectMapping: 0.135687 ms MarkObjects: 1.909586 ms  DeleteObjects: 0.056642 ms)

========================================================================
Received Import Request.
  path: Assets/BackGround.cs
  artifactKey: Guid(8899a11b8fae14363a03fef60d99bf59) Importer(815301076,1909f56bfc062723c751e8b465ee728b)
Start importing Assets/BackGround.cs using Guid(8899a11b8fae14363a03fef60d99bf59) Importer(815301076,1909f56bfc062723c751e8b465ee728b)  -> (artifact id: '17012115f123886d21fa12ff7f26902b') in 0.404802 seconds 
========================================================================
Received Import Request.
  Time since last request: 0.000237 seconds.
  path: Assets/Background.mat
  artifactKey: Guid(7d3146f45c01c436a9f645326de864ef) Importer(815301076,1909f56bfc062723c751e8b465ee728b)
Start importing Assets/Background.mat using Guid(7d3146f45c01c436a9f645326de864ef) Importer(815301076,1909f56bfc062723c751e8b465ee728b)  -> (artifact id: '24cc671bed995d0c505e0422ff718e2a') in 1.870818 seconds 
========================================================================
Received Import Request.
  Time since last request: 0.000203 seconds.
  path: Assets/floor.mat
  artifactKey: Guid(008b738315bf94f63b2dc8cb141aea48) Importer(815301076,1909f56bfc062723c751e8b465ee728b)
Start importing Assets/floor.mat using Guid(008b738315bf94f63b2dc8cb141aea48) Importer(815301076,1909f56bfc062723c751e8b465ee728b)  -> (artifact id: '4321e70ad8044408122aea4e8ddc7193') in 0.018780 seconds 
========================================================================
Received Import Request.
  Time since last request: 0.000185 seconds.
  path: Assets/pixel.mat
  artifactKey: Guid(ebb3eb587f9a54735b4775983fc28436) Importer(815301076,1909f56bfc062723c751e8b465ee728b)
Start importing Assets/pixel.mat using Guid(ebb3eb587f9a54735b4775983fc28436) Importer(815301076,1909f56bfc062723c751e8b465ee728b)  -> (artifact id: 'aa2851dde33984ee3ff63ee85a165a15') in 0.012842 seconds 
========================================================================
Received Import Request.
  Time since last request: 0.000199 seconds.
  path: Assets/Test1.mat
  artifactKey: Guid(1aef8c9eb7bb44681a1eca0d556bea69) Importer(815301076,1909f56bfc062723c751e8b465ee728b)
Start importing Assets/Test1.mat using Guid(1aef8c9eb7bb44681a1eca0d556bea69) Importer(815301076,1909f56bfc062723c751e8b465ee728b)  -> (artifact id: '561a86a64fe1dc3d187500d434c4b8bb') in 0.011791 seconds 
========================================================================
Received Import Request.
  Time since last request: 0.000228 seconds.
  path: Assets/Death.mat
  artifactKey: Guid(65b2cca7a329f4af59863ee4f54d43de) Importer(815301076,1909f56bfc062723c751e8b465ee728b)
Start importing Assets/Death.mat using Guid(65b2cca7a329f4af59863ee4f54d43de) Importer(815301076,1909f56bfc062723c751e8b465ee728b)  -> (artifact id: '9de14964ca954c6a5829b449bc022ebb') in 0.054648 seconds 
========================================================================
Received Import Request.
  Time since last request: 0.000220 seconds.
  path: Assets/アセット 9@350x.png
  artifactKey: Guid(a9582d1428cab4cf59326d785227393f) Importer(815301076,1909f56bfc062723c751e8b465ee728b)
Start importing Assets/アセット 9@350x.png using Guid(a9582d1428cab4cf59326d785227393f) Importer(815301076,1909f56bfc062723c751e8b465ee728b)  -> (artifact id: 'b4adf973a25e87d6c39c212c162b1460') in 1.404389 seconds 
========================================================================
Received Prepare
Registering precompiled user dll's ...
Registered in 0.001830 seconds.
Begin MonoManager ReloadAssembly
Native extension for WindowsStandalone target not found
Native extension for OSXStandalone target not found
Refreshing native plugins compatible for Editor in 0.53 ms, found 1 plugins.
Preloading 0 native plugins for Editor in 0.00 ms.
Mono: successfully reloaded assembly
- Completed reload, in  1.303 seconds
Platform modules already initialized, skipping
Refreshing native plugins compatible for Editor in 0.46 ms, found 1 plugins.
Preloading 0 native plugins for Editor in 0.00 ms.
Unloading 2684 Unused Serialized files (Serialized files now loaded: 0)
System memory in use before: 197.2 MB.
System memory in use after: 197.4 MB.

Unloading 9 unused Assets to reduce memory usage. Loaded Objects now: 3213.
Total: 2.390317 ms (FindLiveObjects: 0.316436 ms CreateObjectMapping: 0.194115 ms MarkObjects: 1.853845 ms  DeleteObjects: 0.024945 ms)

========================================================================
Received Prepare
Refreshing native plugins compatible for Editor in 1.39 ms, found 1 plugins.
Preloading 0 native plugins for Editor in 0.00 ms.
Unloading 7 Unused Serialized files (Serialized files now loaded: 0)
System memory in use before: 144.1 MB.
System memory in use after: 144.4 MB.

Unloading 7 unused Assets to reduce memory usage. Loaded Objects now: 3213.
Total: 2.017167 ms (FindLiveObjects: 0.235374 ms CreateObjectMapping: 0.123430 ms MarkObjects: 1.645384 ms  DeleteObjects: 0.012035 ms)

========================================================================
Received Prepare
Registering precompiled user dll's ...
Registered in 0.002519 seconds.
Begin MonoManager ReloadAssembly
Native extension for WindowsStandalone target not found
Native extension for OSXStandalone target not found
Refreshing native plugins compatible for Editor in 0.46 ms, found 1 plugins.
Preloading 0 native plugins for Editor in 0.00 ms.
Mono: successfully reloaded assembly
- Completed reload, in  1.152 seconds
Platform modules already initialized, skipping
Refreshing native plugins compatible for Editor in 0.53 ms, found 1 plugins.
Preloading 0 native plugins for Editor in 0.00 ms.
Unloading 2683 Unused Serialized files (Serialized files now loaded: 0)
System memory in use before: 197.4 MB.
System memory in use after: 197.6 MB.

Unloading 9 unused Assets to reduce memory usage. Loaded Objects now: 3216.
Total: 2.231801 ms (FindLiveObjects: 0.238206 ms CreateObjectMapping: 0.146092 ms MarkObjects: 1.830616 ms  DeleteObjects: 0.015764 ms)

========================================================================
Received Prepare
Refreshing native plugins compatible for Editor in 1.30 ms, found 1 plugins.
Preloading 0 native plugins for Editor in 0.00 ms.
Unloading 7 Unused Serialized files (Serialized files now loaded: 0)
System memory in use before: 144.4 MB.
System memory in use after: 144.6 MB.

Unloading 7 unused Assets to reduce memory usage. Loaded Objects now: 3216.
Total: 2.202941 ms (FindLiveObjects: 0.311200 ms CreateObjectMapping: 0.121521 ms MarkObjects: 1.749326 ms  DeleteObjects: 0.019937 ms)

========================================================================
Received Prepare
Refreshing native plugins compatible for Editor in 1.24 ms, found 1 plugins.
Preloading 0 native plugins for Editor in 0.00 ms.
Unloading 7 Unused Serialized files (Serialized files now loaded: 0)
System memory in use before: 144.5 MB.
System memory in use after: 144.7 MB.

Unloading 7 unused Assets to reduce memory usage. Loaded Objects now: 3216.
Total: 3.557705 ms (FindLiveObjects: 0.455476 ms CreateObjectMapping: 0.279818 ms MarkObjects: 2.803355 ms  DeleteObjects: 0.017016 ms)

AssetImportWorkerClient::OnTransportError - code=2 error=End of file
